[0m[[0m[0mdebug[0m] [0m[0m> Exec(s <enter> to interrupt or '?' for more options., Some(61944778-b910-4f31-80e9-530ee6f46fb8), Some(CommandSource(console0)))[0m
[0m[[0m[31merror[0m] [0m[0mExpected ID character[0m
[0m[[0m[31merror[0m] [0m[0mNot a valid command: s[0m
[0m[[0m[31merror[0m] [0m[0mExpected 'sbtRebootNetwork'[0m
[0m[[0m[31merror[0m] [0m[0mExpected 'show'[0m
[0m[[0m[31merror[0m] [0m[0mExpected project ID[0m
[0m[[0m[31merror[0m] [0m[0mExpected configuration[0m
[0m[[0m[31merror[0m] [0m[0mExpected ':'[0m
[0m[[0m[31merror[0m] [0m[0mExpected key[0m
[0m[[0m[31merror[0m] [0m[0mNot a valid key: s[0m
[0m[[0m[31merror[0m] [0m[0mExpected 'sbtPromptChannel'[0m
[0m[[0m[31merror[0m] [0m[0mExpected 'sbtRebootImpl'[0m
[0m[[0m[31merror[0m] [0m[0mExpected 'sbtReportResult'[0m
[0m[[0m[31merror[0m] [0m[0mExpected 'sbtMapExec'[0m
[0m[[0m[31merror[0m] [0m[0mExpected 'sbtCompleteExec'[0m
[0m[[0m[31merror[0m] [0m[0ms <enter> to interrupt or '?' for more options.[0m
[0m[[0m[31merror[0m] [0m[0m ^[0m
[0m[[0m[0mdebug[0m] [0m[0m> Exec(shell, None, None)[0m
[0m[[0m[0minfo[0m] [0m[0mshutting down sbt server[0m
[0m[[0m[0minfo[0m] [0m[0msbt server started at local:sbt-server-7baa0fac3f83898fa80b[0m
[0m[[0m[0mdebug[0m] [0m[0mWriting bsp connection file[0m
[0m[[0m[0minfo[0m] [0m[0mstarted sbt server[0m
